  [1m[35mSQL (0.7ms)[0m  [1m[35mSET search_path TO public /*application='Nomnom'*/[0m
  [1m[35m (326.5ms)[0m  [1m[35mCREATE DATABASE "nomnom_development" ENCODING = 'unicode' /*application='Nomnom'*/[0m
  [1m[35m (5.5ms)[0m  [1m[35mCREATE TABLE "schema_migrations" ("version" character varying NOT NULL PRIMARY KEY) /*application='Nomnom'*/[0m
  [1m[35m (2.4ms)[0m  [1m[35mCREATE TABLE "ar_internal_metadata" ("key" character varying NOT NULL PRIMARY KEY, "value" character varying, "created_at" timestamp(6) NOT NULL, "updated_at" timestamp(6) NOT NULL) /*application='Nomnom'*/[0m
  [1m[35m (0.1ms)[0m  [1m[34mSELECT pg_try_advisory_lock(6819789301757574135) /*application='Nomnom'*/[0m
  [1m[36mActiveRecord::SchemaMigration Load (1.0ms)[0m  [1m[34mSELECT "schema_migrations"."version" FROM "schema_migrations" ORDER BY "schema_migrations"."version" ASC /*application='Nomnom'*/[0m
  [1m[36mActiveRecord::InternalMetadata Load (1.0ms)[0m  [1m[34mSELECT * FROM "ar_internal_metadata" WHERE "ar_internal_metadata"."key" = 'environment' ORDER BY "ar_internal_metadata"."key" ASC LIMIT 1 /*application='Nomnom'*/[0m
  [1m[36mActiveRecord::InternalMetadata Create (1.4ms)[0m  [1m[32mINSERT INTO "ar_internal_metadata" ("key", "value", "created_at", "updated_at") VALUES ('environment', 'development', '2025-10-27 21:02:57.921563', '2025-10-27 21:02:57.921566') RETURNING "key" /*application='Nomnom'*/[0m
Migrating to DeviseCreateUsers (20251027205758)
  [1m[36mTRANSACTION (0.1ms)[0m  [1m[35mBEGIN /*application='Nomnom'*/[0m
  [1m[35m (9.5ms)[0m  [1m[35mCREATE TABLE "users" ("id" bigserial primary key, "email" character varying DEFAULT '' NOT NULL, "encrypted_password" character varying DEFAULT '' NOT NULL, "reset_password_token" character varying, "reset_password_sent_at" timestamp(6), "remember_created_at" timestamp(6), "created_at" timestamp(6) NOT NULL, "updated_at" timestamp(6) NOT NULL) /*application='Nomnom'*/[0m
  [1m[35m (1.1ms)[0m  [1m[35mCREATE UNIQUE INDEX "index_users_on_email" ON "users" ("email") /*application='Nomnom'*/[0m
  [1m[35m (1.0ms)[0m  [1m[35mCREATE UNIQUE INDEX "index_users_on_reset_password_token" ON "users" ("reset_password_token") /*application='Nomnom'*/[0m
  [1m[36mActiveRecord::SchemaMigration Create (0.5ms)[0m  [1m[32mINSERT INTO "schema_migrations" ("version") VALUES ('20251027205758') RETURNING "version" /*application='Nomnom'*/[0m
  [1m[36mTRANSACTION (0.3ms)[0m  [1m[35mCOMMIT /*application='Nomnom'*/[0m
  [1m[35m (0.4ms)[0m  [1m[34mSELECT pg_advisory_unlock(6819789301757574135) /*application='Nomnom'*/[0m
  [1m[36mActiveRecord::SchemaMigration Load (0.2ms)[0m  [1m[34mSELECT "schema_migrations"."version" FROM "schema_migrations" ORDER BY "schema_migrations"."version" ASC /*application='Nomnom'*/[0m
  [1m[35mSQL (0.1ms)[0m  [1m[35mSET search_path TO public /*application='Nomnom'*/[0m
  [1m[35mSQL (0.1ms)[0m  [1m[35mSET search_path TO "$user", public /*application='Nomnom'*/[0m
  [1m[35mSQL (0.1ms)[0m  [1m[35mSET search_path TO public /*application='Nomnom'*/[0m
  [1m[35mSQL (0.2ms)[0m  [1m[35mSET search_path TO "$user", public /*application='Nomnom'*/[0m
  [1m[35mSQL (0.1ms)[0m  [1m[35mSET search_path TO public /*application='Nomnom'*/[0m
  [1m[35m (23.3ms)[0m  [1m[35mCREATE DATABASE "nomnom_development" ENCODING = 'unicode' /*application='Nomnom'*/[0m
  [1m[35mSQL (0.1ms)[0m  [1m[35mSET search_path TO public /*application='Nomnom'*/[0m
  [1m[35m (328.1ms)[0m  [1m[35mCREATE DATABASE "nomnom_test" ENCODING = 'unicode' /*application='Nomnom'*/[0m
  [1m[35m (0.1ms)[0m  [1m[34mSELECT pg_try_advisory_lock(6819789301757574135) /*application='Nomnom'*/[0m
  [1m[36mActiveRecord::SchemaMigration Load (1.2ms)[0m  [1m[34mSELECT "schema_migrations"."version" FROM "schema_migrations" ORDER BY "schema_migrations"."version" ASC /*application='Nomnom'*/[0m
  [1m[36mActiveRecord::InternalMetadata Load (0.8ms)[0m  [1m[34mSELECT * FROM "ar_internal_metadata" WHERE "ar_internal_metadata"."key" = 'environment' ORDER BY "ar_internal_metadata"."key" ASC LIMIT 1 /*application='Nomnom'*/[0m
  [1m[35m (0.1ms)[0m  [1m[34mSELECT pg_advisory_unlock(6819789301757574135) /*application='Nomnom'*/[0m
  [1m[36mActiveRecord::SchemaMigration Load (0.1ms)[0m  [1m[34mSELECT "schema_migrations"."version" FROM "schema_migrations" ORDER BY "schema_migrations"."version" ASC /*application='Nomnom'*/[0m
  [1m[35mSQL (0.1ms)[0m  [1m[35mSET search_path TO public /*application='Nomnom'*/[0m
  [1m[35mSQL (0.1ms)[0m  [1m[35mSET search_path TO "$user", public /*application='Nomnom'*/[0m
  [1m[35mSQL (0.1ms)[0m  [1m[35mSET search_path TO public /*application='Nomnom'*/[0m
  [1m[35mSQL (0.1ms)[0m  [1m[35mSET search_path TO "$user", public /*application='Nomnom'*/[0m
Started GET "/" for 127.0.0.1 at 2025-10-27 17:05:16 -0400
  [1m[36mActiveRecord::SchemaMigration Load (1.3ms)[0m  [1m[34mSELECT "schema_migrations"."version" FROM "schema_migrations" ORDER BY "schema_migrations"."version" ASC /*application='Nomnom'*/[0m
DEPRECATION WARNING: resource received a hash argument only. Please use a keyword instead. Support to hash argument will be removed in Rails 8.2. (called from block in <main> at /Users/danielkim/CSW4152/Project/SaaS_Project/nomnom/config/routes.rb:2)
DEPRECATION WARNING: resource received a hash argument path. Please use a keyword instead. Support to hash argument will be removed in Rails 8.2. (called from block in <main> at /Users/danielkim/CSW4152/Project/SaaS_Project/nomnom/config/routes.rb:2)
DEPRECATION WARNING: resource received a hash argument path_names. Please use a keyword instead. Support to hash argument will be removed in Rails 8.2. (called from block in <main> at /Users/danielkim/CSW4152/Project/SaaS_Project/nomnom/config/routes.rb:2)
DEPRECATION WARNING: resource received a hash argument controller. Please use a keyword instead. Support to hash argument will be removed in Rails 8.2. (called from block in <main> at /Users/danielkim/CSW4152/Project/SaaS_Project/nomnom/config/routes.rb:2)
Processing by Rails::WelcomeController#index as HTML
  Rendering /Users/danielkim/.rbenv/versions/3.4.2/lib/ruby/gems/3.4.0/gems/railties-8.1.0/lib/rails/templates/rails/welcome/index.html.erb
  Rendered /Users/danielkim/.rbenv/versions/3.4.2/lib/ruby/gems/3.4.0/gems/railties-8.1.0/lib/rails/templates/rails/welcome/index.html.erb (Duration: 0.3ms | GC: 0.0ms)
Completed 200 OK in 20ms (Views: 5.5ms | ActiveRecord: 0.0ms (0 queries, 0 cached) | GC: 0.9ms)


Started GET "/" for 127.0.0.1 at 2025-10-27 17:08:17 -0400
  [1m[36mActiveRecord::SchemaMigration Load (1.0ms)[0m  [1m[34mSELECT "schema_migrations"."version" FROM "schema_migrations" ORDER BY "schema_migrations"."version" ASC /*application='Nomnom'*/[0m
DEPRECATION WARNING: resource received a hash argument only. Please use a keyword instead. Support to hash argument will be removed in Rails 8.2. (called from block in <main> at /Users/danielkim/CSW4152/Project/SaaS_Project/nomnom/config/routes.rb:2)
DEPRECATION WARNING: resource received a hash argument path. Please use a keyword instead. Support to hash argument will be removed in Rails 8.2. (called from block in <main> at /Users/danielkim/CSW4152/Project/SaaS_Project/nomnom/config/routes.rb:2)
DEPRECATION WARNING: resource received a hash argument path_names. Please use a keyword instead. Support to hash argument will be removed in Rails 8.2. (called from block in <main> at /Users/danielkim/CSW4152/Project/SaaS_Project/nomnom/config/routes.rb:2)
DEPRECATION WARNING: resource received a hash argument controller. Please use a keyword instead. Support to hash argument will be removed in Rails 8.2. (called from block in <main> at /Users/danielkim/CSW4152/Project/SaaS_Project/nomnom/config/routes.rb:2)
Processing by HomeController#index as HTML
  Rendering layout layouts/application.html.erb
  Rendering home/index.html.erb within layouts/application
  Rendered home/index.html.erb within layouts/application (Duration: 1.0ms | GC: 0.0ms)
  Rendered layout layouts/application.html.erb (Duration: 15.9ms | GC: 0.0ms)
Completed 200 OK in 38ms (Views: 18.2ms | ActiveRecord: 0.0ms (0 queries, 0 cached) | GC: 0.0ms)


Started GET "/users/sign_in" for 127.0.0.1 at 2025-10-27 17:08:19 -0400
Processing by Devise::SessionsController#new as HTML
  Rendering layout layouts/application.html.erb
  Rendering devise/sessions/new.html.erb within layouts/application
  Rendered devise/shared/_links.html.erb (Duration: 0.9ms | GC: 0.4ms)
  Rendered devise/sessions/new.html.erb within layouts/application (Duration: 13.4ms | GC: 1.0ms)
  Rendered layout layouts/application.html.erb (Duration: 13.9ms | GC: 1.0ms)
Completed 200 OK in 67ms (Views: 16.2ms | ActiveRecord: 17.7ms (0 queries, 0 cached) | GC: 3.0ms)


Started GET "/users/sign_up" for 127.0.0.1 at 2025-10-27 17:08:19 -0400
Processing by Devise::RegistrationsController#new as HTML
  Rendering layout layouts/application.html.erb
  Rendering devise/registrations/new.html.erb within layouts/application
  Rendered devise/shared/_error_messages.html.erb (Duration: 0.5ms | GC: 0.0ms)
  Rendered devise/shared/_links.html.erb (Duration: 0.4ms | GC: 0.0ms)
  Rendered devise/registrations/new.html.erb within layouts/application (Duration: 5.4ms | GC: 0.0ms)
  Rendered layout layouts/application.html.erb (Duration: 6.5ms | GC: 0.0ms)
Completed 200 OK in 12ms (Views: 8.6ms | ActiveRecord: 0.0ms (0 queries, 0 cached) | GC: 0.7ms)


Started POST "/users" for 127.0.0.1 at 2025-10-27 17:08:28 -0400
Processing by Devise::RegistrationsController#create as TURBO_STREAM
  Parameters: {"authenticity_token" => "[FILTERED]", "user" => {"email" => "[FILTERED]", "password" => "[FILTERED]", "password_confirmation" => "[FILTERED]"}, "commit" => "Sign up"}
  [1m[36mTRANSACTION (0.3ms)[0m  [1m[35mBEGIN /*action='create',application='Nomnom',controller='registrations'*/[0m
  [1m[36mUser Exists? (9.5ms)[0m  [1m[34mSELECT 1 AS one FROM "users" WHERE "users"."email" = 'a22@gmail.com' LIMIT 1 /*action='create',application='Nomnom',controller='registrations'*/[0m
  [1m[36mUser Create (4.1ms)[0m  [1m[32mINSERT INTO "users" ("email", "encrypted_password", "reset_password_token", "reset_password_sent_at", "remember_created_at", "created_at", "updated_at") VALUES ('a22@gmail.com', '$2a$12$CY3OUjFFBTV7/SJyWw2MiOukQUwKARe0ufYNW272FMaxa3SoFOP/a', NULL, NULL, NULL, '2025-10-27 21:08:29.528195', '2025-10-27 21:08:29.528195') RETURNING "id" /*action='create',application='Nomnom',controller='registrations'*/[0m
  [1m[36mTRANSACTION (2.0ms)[0m  [1m[35mCOMMIT /*action='create',application='Nomnom',controller='registrations'*/[0m
Redirected to http://127.0.0.1:3000/
Completed 303 See Other in 659ms (ActiveRecord: 15.9ms (2 queries, 0 cached) | GC: 33.4ms)


Started GET "/" for 127.0.0.1 at 2025-10-27 17:08:29 -0400
Processing by HomeController#index as TURBO_STREAM
  Rendering layout layouts/application.html.erb
  Rendering home/index.html.erb within layouts/application
  [1m[36mUser Load (0.7ms)[0m  [1m[34mSELECT "users".* FROM "users" WHERE "users"."id" = 1 ORDER BY "users"."id" ASC LIMIT 1 /*action='index',application='Nomnom',controller='home'*/[0m
  ↳ app/views/home/index.html.erb:4
  Rendered home/index.html.erb within layouts/application (Duration: 1.7ms | GC: 0.0ms)
  Rendered layout layouts/application.html.erb (Duration: 2.0ms | GC: 0.0ms)
Completed 200 OK in 3ms (Views: 1.5ms | ActiveRecord: 0.6ms (1 query, 0 cached) | GC: 0.0ms)


Started GET "/users/sign_out" for 127.0.0.1 at 2025-10-27 17:08:31 -0400
  
ActionController::RoutingError (No route matches [GET] "/users/sign_out"):
  
Started GET "/" for 127.0.0.1 at 2025-10-27 17:08:43 -0400
Processing by HomeController#index as HTML
  Rendering layout layouts/application.html.erb
  Rendering home/index.html.erb within layouts/application
  [1m[36mUser Load (1.2ms)[0m  [1m[34mSELECT "users".* FROM "users" WHERE "users"."id" = 1 ORDER BY "users"."id" ASC LIMIT 1 /*action='index',application='Nomnom',controller='home'*/[0m
  ↳ app/views/home/index.html.erb:4
  Rendered home/index.html.erb within layouts/application (Duration: 11.2ms | GC: 0.0ms)
  Rendered layout layouts/application.html.erb (Duration: 12.9ms | GC: 0.0ms)
Completed 200 OK in 17ms (Views: 12.9ms | ActiveRecord: 1.2ms (1 query, 0 cached) | GC: 0.0ms)


Started GET "/users/sign_out" for 127.0.0.1 at 2025-10-27 17:08:45 -0400
  
ActionController::RoutingError (No route matches [GET] "/users/sign_out"):
  
Started GET "/favicon.ico" for 127.0.0.1 at 2025-10-27 17:08:46 -0400
Started GET "/" for 127.0.0.1 at 2025-10-27 17:08:46 -0400
  
ActionController::RoutingError (No route matches [GET] "/favicon.ico"):
  
Processing by HomeController#index as HTML
  Rendering layout layouts/application.html.erb
  Rendering home/index.html.erb within layouts/application
  [1m[36mUser Load (1.0ms)[0m  [1m[34mSELECT "users".* FROM "users" WHERE "users"."id" = 1 ORDER BY "users"."id" ASC LIMIT 1 /*action='index',application='Nomnom',controller='home'*/[0m
  ↳ app/views/home/index.html.erb:4
  Rendered home/index.html.erb within layouts/application (Duration: 2.5ms | GC: 0.0ms)
  Rendered layout layouts/application.html.erb (Duration: 3.1ms | GC: 0.0ms)
Completed 200 OK in 25ms (Views: 2.5ms | ActiveRecord: 1.0ms (1 query, 0 cached) | GC: 9.3ms)


Started GET "/" for 127.0.0.1 at 2025-10-27 17:08:47 -0400
Started GET "/favicon.ico" for 127.0.0.1 at 2025-10-27 17:08:47 -0400
Processing by HomeController#index as HTML
  
ActionController::RoutingError (No route matches [GET] "/favicon.ico"):
  
  Rendering layout layouts/application.html.erb
  Rendering home/index.html.erb within layouts/application
  [1m[36mUser Load (1.3ms)[0m  [1m[34mSELECT "users".* FROM "users" WHERE "users"."id" = 1 ORDER BY "users"."id" ASC LIMIT 1 /*action='index',application='Nomnom',controller='home'*/[0m
  ↳ app/views/home/index.html.erb:4
  Rendered home/index.html.erb within layouts/application (Duration: 4.2ms | GC: 0.6ms)
  Rendered layout layouts/application.html.erb (Duration: 5.6ms | GC: 0.6ms)
Completed 200 OK in 18ms (Views: 5.4ms | ActiveRecord: 1.3ms (1 query, 0 cached) | GC: 1.7ms)


Started GET "/users/sign_up" for 127.0.0.1 at 2025-10-27 17:08:47 -0400
Processing by Devise::RegistrationsController#new as HTML
  [1m[36mUser Load (0.5ms)[0m  [1m[34mSELECT "users".* FROM "users" WHERE "users"."id" = 1 ORDER BY "users"."id" ASC LIMIT 1 /*action='new',application='Nomnom',controller='registrations'*/[0m
Redirected to http://127.0.0.1:3000/
Filter chain halted as :require_no_authentication rendered or redirected
Completed 302 Found in 8ms (ActiveRecord: 0.5ms (1 query, 0 cached) | GC: 0.0ms)


Started GET "/" for 127.0.0.1 at 2025-10-27 17:08:47 -0400
Processing by HomeController#index as HTML
  Rendering layout layouts/application.html.erb
  Rendering home/index.html.erb within layouts/application
  [1m[36mUser Load (0.7ms)[0m  [1m[34mSELECT "users".* FROM "users" WHERE "users"."id" = 1 ORDER BY "users"."id" ASC LIMIT 1 /*action='index',application='Nomnom',controller='home'*/[0m
  ↳ app/views/home/index.html.erb:4
  Rendered home/index.html.erb within layouts/application (Duration: 4.3ms | GC: 0.0ms)
  Rendered layout layouts/application.html.erb (Duration: 5.5ms | GC: 0.0ms)
Completed 200 OK in 9ms (Views: 6.0ms | ActiveRecord: 0.7ms (1 query, 0 cached) | GC: 0.0ms)


Started GET "/users/sign_out" for 127.0.0.1 at 2025-10-27 17:08:51 -0400
  
ActionController::RoutingError (No route matches [GET] "/users/sign_out"):
  
Started GET "/" for 127.0.0.1 at 2025-10-27 17:08:53 -0400
Processing by HomeController#index as HTML
  Rendering layout layouts/application.html.erb
  Rendering home/index.html.erb within layouts/application
  [1m[36mUser Load (5.7ms)[0m  [1m[34mSELECT "users".* FROM "users" WHERE "users"."id" = 1 ORDER BY "users"."id" ASC LIMIT 1 /*action='index',application='Nomnom',controller='home'*/[0m
  ↳ app/views/home/index.html.erb:4
  Rendered home/index.html.erb within layouts/application (Duration: 10.2ms | GC: 0.0ms)
  Rendered layout layouts/application.html.erb (Duration: 12.6ms | GC: 0.0ms)
Completed 200 OK in 15ms (Views: 8.1ms | ActiveRecord: 5.7ms (1 query, 0 cached) | GC: 0.0ms)


Started GET "/" for 127.0.0.1 at 2025-10-27 17:08:58 -0400
  [1m[36mActiveRecord::SchemaMigration Load (0.9ms)[0m  [1m[34mSELECT "schema_migrations"."version" FROM "schema_migrations" ORDER BY "schema_migrations"."version" ASC /*application='Nomnom'*/[0m
DEPRECATION WARNING: resource received a hash argument only. Please use a keyword instead. Support to hash argument will be removed in Rails 8.2. (called from block in <main> at /Users/danielkim/CSW4152/Project/SaaS_Project/nomnom/config/routes.rb:2)
DEPRECATION WARNING: resource received a hash argument path. Please use a keyword instead. Support to hash argument will be removed in Rails 8.2. (called from block in <main> at /Users/danielkim/CSW4152/Project/SaaS_Project/nomnom/config/routes.rb:2)
DEPRECATION WARNING: resource received a hash argument path_names. Please use a keyword instead. Support to hash argument will be removed in Rails 8.2. (called from block in <main> at /Users/danielkim/CSW4152/Project/SaaS_Project/nomnom/config/routes.rb:2)
DEPRECATION WARNING: resource received a hash argument controller. Please use a keyword instead. Support to hash argument will be removed in Rails 8.2. (called from block in <main> at /Users/danielkim/CSW4152/Project/SaaS_Project/nomnom/config/routes.rb:2)
Processing by HomeController#index as HTML
  Rendering layout layouts/application.html.erb
  Rendering home/index.html.erb within layouts/application
  [1m[36mUser Load (0.8ms)[0m  [1m[34mSELECT "users".* FROM "users" WHERE "users"."id" = 1 ORDER BY "users"."id" ASC LIMIT 1 /*action='index',application='Nomnom',controller='home'*/[0m
  ↳ app/views/home/index.html.erb:4
  Rendered home/index.html.erb within layouts/application (Duration: 44.1ms | GC: 0.0ms)
  Rendered layout layouts/application.html.erb (Duration: 50.3ms | GC: 0.0ms)
Completed 200 OK in 69ms (Views: 20.8ms | ActiveRecord: 31.5ms (1 query, 0 cached) | GC: 0.0ms)


Started GET "/" for 127.0.0.1 at 2025-10-27 17:08:59 -0400
Processing by HomeController#index as HTML
  Rendering layout layouts/application.html.erb
  Rendering home/index.html.erb within layouts/application
  [1m[36mUser Load (0.6ms)[0m  [1m[34mSELECT "users".* FROM "users" WHERE "users"."id" = 1 ORDER BY "users"."id" ASC LIMIT 1 /*action='index',application='Nomnom',controller='home'*/[0m
  ↳ app/views/home/index.html.erb:4
  Rendered home/index.html.erb within layouts/application (Duration: 3.7ms | GC: 0.0ms)
  Rendered layout layouts/application.html.erb (Duration: 4.7ms | GC: 0.0ms)
Completed 200 OK in 7ms (Views: 4.7ms | ActiveRecord: 0.6ms (1 query, 0 cached) | GC: 0.0ms)


Started GET "/" for 127.0.0.1 at 2025-10-27 17:09:00 -0400
Processing by HomeController#index as HTML
  Rendering layout layouts/application.html.erb
  Rendering home/index.html.erb within layouts/application
  [1m[36mUser Load (0.9ms)[0m  [1m[34mSELECT "users".* FROM "users" WHERE "users"."id" = 1 ORDER BY "users"."id" ASC LIMIT 1 /*action='index',application='Nomnom',controller='home'*/[0m
  ↳ app/views/home/index.html.erb:4
  Rendered home/index.html.erb within layouts/application (Duration: 5.9ms | GC: 0.0ms)
  Rendered layout layouts/application.html.erb (Duration: 7.7ms | GC: 0.0ms)
Completed 200 OK in 10ms (Views: 7.7ms | ActiveRecord: 0.8ms (1 query, 0 cached) | GC: 0.0ms)


DEPRECATION WARNING: resource received a hash argument only. Please use a keyword instead. Support to hash argument will be removed in Rails 8.2. (called from block in <main> at /Users/danielkim/CSW4152/Project/SaaS_Project/nomnom/config/routes.rb:2)
DEPRECATION WARNING: resource received a hash argument path. Please use a keyword instead. Support to hash argument will be removed in Rails 8.2. (called from block in <main> at /Users/danielkim/CSW4152/Project/SaaS_Project/nomnom/config/routes.rb:2)
DEPRECATION WARNING: resource received a hash argument path_names. Please use a keyword instead. Support to hash argument will be removed in Rails 8.2. (called from block in <main> at /Users/danielkim/CSW4152/Project/SaaS_Project/nomnom/config/routes.rb:2)
DEPRECATION WARNING: resource received a hash argument controller. Please use a keyword instead. Support to hash argument will be removed in Rails 8.2. (called from block in <main> at /Users/danielkim/CSW4152/Project/SaaS_Project/nomnom/config/routes.rb:2)
Started GET "/" for 127.0.0.1 at 2025-10-27 17:10:18 -0400
  [1m[36mActiveRecord::SchemaMigration Load (0.9ms)[0m  [1m[34mSELECT "schema_migrations"."version" FROM "schema_migrations" ORDER BY "schema_migrations"."version" ASC /*application='Nomnom'*/[0m
DEPRECATION WARNING: resource received a hash argument only. Please use a keyword instead. Support to hash argument will be removed in Rails 8.2. (called from block in <main> at /Users/danielkim/CSW4152/Project/SaaS_Project/nomnom/config/routes.rb:2)
DEPRECATION WARNING: resource received a hash argument path. Please use a keyword instead. Support to hash argument will be removed in Rails 8.2. (called from block in <main> at /Users/danielkim/CSW4152/Project/SaaS_Project/nomnom/config/routes.rb:2)
DEPRECATION WARNING: resource received a hash argument path_names. Please use a keyword instead. Support to hash argument will be removed in Rails 8.2. (called from block in <main> at /Users/danielkim/CSW4152/Project/SaaS_Project/nomnom/config/routes.rb:2)
DEPRECATION WARNING: resource received a hash argument controller. Please use a keyword instead. Support to hash argument will be removed in Rails 8.2. (called from block in <main> at /Users/danielkim/CSW4152/Project/SaaS_Project/nomnom/config/routes.rb:2)
Processing by HomeController#index as HTML
  Rendering layout layouts/application.html.erb
  Rendering home/index.html.erb within layouts/application
  [1m[36mUser Load (1.1ms)[0m  [1m[34mSELECT "users".* FROM "users" WHERE "users"."id" = 1 ORDER BY "users"."id" ASC LIMIT 1 /*action='index',application='Nomnom',controller='home'*/[0m
  ↳ app/views/home/index.html.erb:4
  Rendered home/index.html.erb within layouts/application (Duration: 29.0ms | GC: 0.0ms)
  Rendered layout layouts/application.html.erb (Duration: 35.6ms | GC: 0.0ms)
Completed 200 OK in 57ms (Views: 16.4ms | ActiveRecord: 22.2ms (1 query, 0 cached) | GC: 0.0ms)


Started GET "/users/sign_out" for 127.0.0.1 at 2025-10-27 17:10:19 -0400
  
ActionController::RoutingError (No route matches [GET] "/users/sign_out"):
  
Started GET "/users/sign_out" for 127.0.0.1 at 2025-10-27 17:10:55 -0400
  [1m[36mActiveRecord::SchemaMigration Load (1.4ms)[0m  [1m[34mSELECT "schema_migrations"."version" FROM "schema_migrations" ORDER BY "schema_migrations"."version" ASC /*application='Nomnom'*/[0m
DEPRECATION WARNING: resource received a hash argument only. Please use a keyword instead. Support to hash argument will be removed in Rails 8.2. (called from block in <main> at /Users/danielkim/CSW4152/Project/SaaS_Project/nomnom/config/routes.rb:2)
DEPRECATION WARNING: resource received a hash argument path. Please use a keyword instead. Support to hash argument will be removed in Rails 8.2. (called from block in <main> at /Users/danielkim/CSW4152/Project/SaaS_Project/nomnom/config/routes.rb:2)
DEPRECATION WARNING: resource received a hash argument path_names. Please use a keyword instead. Support to hash argument will be removed in Rails 8.2. (called from block in <main> at /Users/danielkim/CSW4152/Project/SaaS_Project/nomnom/config/routes.rb:2)
DEPRECATION WARNING: resource received a hash argument controller. Please use a keyword instead. Support to hash argument will be removed in Rails 8.2. (called from block in <main> at /Users/danielkim/CSW4152/Project/SaaS_Project/nomnom/config/routes.rb:2)
  
ActionController::RoutingError (No route matches [GET] "/users/sign_out"):
  
Started GET "/favicon.ico" for 127.0.0.1 at 2025-10-27 17:10:56 -0400
  
ActionController::RoutingError (No route matches [GET] "/favicon.ico"):
  
Started GET "/users/sign_out" for 127.0.0.1 at 2025-10-27 17:10:56 -0400
  
ActionController::RoutingError (No route matches [GET] "/users/sign_out"):
  
Started GET "/" for 127.0.0.1 at 2025-10-27 17:10:59 -0400
Processing by HomeController#index as HTML
  Rendering layout layouts/application.html.erb
  Rendering home/index.html.erb within layouts/application
  [1m[36mUser Load (1.2ms)[0m  [1m[34mSELECT "users".* FROM "users" WHERE "users"."id" = 1 ORDER BY "users"."id" ASC LIMIT 1 /*action='index',application='Nomnom',controller='home'*/[0m
  ↳ app/views/home/index.html.erb:4
  Rendered home/index.html.erb within layouts/application (Duration: 39.1ms | GC: 1.9ms)
  Rendered layout layouts/application.html.erb (Duration: 54.2ms | GC: 4.8ms)
Completed 200 OK in 78ms (Views: 28.4ms | ActiveRecord: 28.3ms (1 query, 0 cached) | GC: 5.4ms)


Started GET "/users/sign_out" for 127.0.0.1 at 2025-10-27 17:11:00 -0400
  
ActionController::RoutingError (No route matches [GET] "/users/sign_out"):
  
DEPRECATION WARNING: resource received a hash argument only. Please use a keyword instead. Support to hash argument will be removed in Rails 8.2. (called from block in <main> at /Users/danielkim/CSW4152/Project/SaaS_Project/nomnom/config/routes.rb:2)
DEPRECATION WARNING: resource received a hash argument path. Please use a keyword instead. Support to hash argument will be removed in Rails 8.2. (called from block in <main> at /Users/danielkim/CSW4152/Project/SaaS_Project/nomnom/config/routes.rb:2)
DEPRECATION WARNING: resource received a hash argument path_names. Please use a keyword instead. Support to hash argument will be removed in Rails 8.2. (called from block in <main> at /Users/danielkim/CSW4152/Project/SaaS_Project/nomnom/config/routes.rb:2)
DEPRECATION WARNING: resource received a hash argument controller. Please use a keyword instead. Support to hash argument will be removed in Rails 8.2. (called from block in <main> at /Users/danielkim/CSW4152/Project/SaaS_Project/nomnom/config/routes.rb:2)
DEPRECATION WARNING: resource received a hash argument only. Please use a keyword instead. Support to hash argument will be removed in Rails 8.2. (called from block in <main> at /Users/danielkim/CSW4152/Project/SaaS_Project/nomnom/config/routes.rb:2)
DEPRECATION WARNING: resource received a hash argument path. Please use a keyword instead. Support to hash argument will be removed in Rails 8.2. (called from block in <main> at /Users/danielkim/CSW4152/Project/SaaS_Project/nomnom/config/routes.rb:2)
DEPRECATION WARNING: resource received a hash argument path_names. Please use a keyword instead. Support to hash argument will be removed in Rails 8.2. (called from block in <main> at /Users/danielkim/CSW4152/Project/SaaS_Project/nomnom/config/routes.rb:2)
DEPRECATION WARNING: resource received a hash argument controller. Please use a keyword instead. Support to hash argument will be removed in Rails 8.2. (called from block in <main> at /Users/danielkim/CSW4152/Project/SaaS_Project/nomnom/config/routes.rb:2)
Started GET "/users/sign_out" for 127.0.0.1 at 2025-10-27 17:12:09 -0400
  [1m[36mActiveRecord::SchemaMigration Load (0.7ms)[0m  [1m[34mSELECT "schema_migrations"."version" FROM "schema_migrations" ORDER BY "schema_migrations"."version" ASC /*application='Nomnom'*/[0m
DEPRECATION WARNING: resource received a hash argument only. Please use a keyword instead. Support to hash argument will be removed in Rails 8.2. (called from block in <main> at /Users/danielkim/CSW4152/Project/SaaS_Project/nomnom/config/routes.rb:2)
DEPRECATION WARNING: resource received a hash argument path. Please use a keyword instead. Support to hash argument will be removed in Rails 8.2. (called from block in <main> at /Users/danielkim/CSW4152/Project/SaaS_Project/nomnom/config/routes.rb:2)
DEPRECATION WARNING: resource received a hash argument path_names. Please use a keyword instead. Support to hash argument will be removed in Rails 8.2. (called from block in <main> at /Users/danielkim/CSW4152/Project/SaaS_Project/nomnom/config/routes.rb:2)
DEPRECATION WARNING: resource received a hash argument controller. Please use a keyword instead. Support to hash argument will be removed in Rails 8.2. (called from block in <main> at /Users/danielkim/CSW4152/Project/SaaS_Project/nomnom/config/routes.rb:2)
  
ActionController::RoutingError (No route matches [GET] "/users/sign_out"):
  
Started GET "/" for 127.0.0.1 at 2025-10-27 17:12:11 -0400
Processing by HomeController#index as HTML
  Rendering layout layouts/application.html.erb
  Rendering home/index.html.erb within layouts/application
  [1m[36mUser Load (1.5ms)[0m  [1m[34mSELECT "users".* FROM "users" WHERE "users"."id" = 1 ORDER BY "users"."id" ASC LIMIT 1 /*action='index',application='Nomnom',controller='home'*/[0m
  ↳ app/views/home/index.html.erb:4
  Rendered home/index.html.erb within layouts/application (Duration: 46.1ms | GC: 2.6ms)
  Rendered layout layouts/application.html.erb (Duration: 55.7ms | GC: 3.1ms)
Completed 200 OK in 81ms (Views: 28.2ms | ActiveRecord: 30.2ms (1 query, 0 cached) | GC: 4.0ms)


Started DELETE "/users/sign_out" for 127.0.0.1 at 2025-10-27 17:12:13 -0400
Processing by Devise::SessionsController#destroy as TURBO_STREAM
  Parameters: {"authenticity_token" => "[FILTERED]"}
  [1m[36mUser Load (0.8ms)[0m  [1m[34mSELECT "users".* FROM "users" WHERE "users"."id" = 1 ORDER BY "users"."id" ASC LIMIT 1 /*action='destroy',application='Nomnom',controller='sessions'*/[0m
Redirected to http://127.0.0.1:3000/
Completed 303 See Other in 19ms (ActiveRecord: 0.8ms (1 query, 0 cached) | GC: 0.0ms)


Started GET "/" for 127.0.0.1 at 2025-10-27 17:12:13 -0400
Processing by HomeController#index as TURBO_STREAM
  Rendering layout layouts/application.html.erb
  Rendering home/index.html.erb within layouts/application
  Rendered home/index.html.erb within layouts/application (Duration: 2.0ms | GC: 0.0ms)
  Rendered layout layouts/application.html.erb (Duration: 2.5ms | GC: 0.0ms)
Completed 200 OK in 4ms (Views: 3.0ms | ActiveRecord: 0.0ms (0 queries, 0 cached) | GC: 0.0ms)


Started GET "/users/sign_up" for 127.0.0.1 at 2025-10-27 17:12:14 -0400
Processing by Devise::RegistrationsController#new as HTML
  Rendering layout layouts/application.html.erb
  Rendering devise/registrations/new.html.erb within layouts/application
  Rendered devise/shared/_error_messages.html.erb (Duration: 0.6ms | GC: 0.0ms)
  Rendered devise/shared/_links.html.erb (Duration: 0.9ms | GC: 0.0ms)
  Rendered devise/registrations/new.html.erb within layouts/application (Duration: 12.2ms | GC: 0.0ms)
  Rendered layout layouts/application.html.erb (Duration: 12.9ms | GC: 0.0ms)
Completed 200 OK in 22ms (Views: 17.6ms | ActiveRecord: 0.0ms (0 queries, 0 cached) | GC: 0.0ms)


Started GET "/users/sign_up" for 127.0.0.1 at 2025-10-27 17:12:17 -0400
Processing by Devise::RegistrationsController#new as HTML
  Rendering layout layouts/application.html.erb
  Rendering devise/registrations/new.html.erb within layouts/application
  Rendered devise/shared/_error_messages.html.erb (Duration: 0.1ms | GC: 0.0ms)
  Rendered devise/shared/_links.html.erb (Duration: 0.2ms | GC: 0.0ms)
  Rendered devise/registrations/new.html.erb within layouts/application (Duration: 2.7ms | GC: 0.0ms)
  Rendered layout layouts/application.html.erb (Duration: 3.5ms | GC: 0.0ms)
Completed 200 OK in 7ms (Views: 4.2ms | ActiveRecord: 0.0ms (0 queries, 0 cached) | GC: 0.0ms)


Started GET "/" for 127.0.0.1 at 2025-10-27 17:12:18 -0400
Processing by HomeController#index as HTML
  Rendering layout layouts/application.html.erb
  Rendering home/index.html.erb within layouts/application
  Rendered home/index.html.erb within layouts/application (Duration: 1.2ms | GC: 0.0ms)
  Rendered layout layouts/application.html.erb (Duration: 2.7ms | GC: 0.0ms)
Completed 200 OK in 5ms (Views: 3.6ms | ActiveRecord: 0.0ms (0 queries, 0 cached) | GC: 0.0ms)


Started GET "/" for 127.0.0.1 at 2025-10-27 17:12:41 -0400
  [1m[36mActiveRecord::SchemaMigration Load (1.1ms)[0m  [1m[34mSELECT "schema_migrations"."version" FROM "schema_migrations" ORDER BY "schema_migrations"."version" ASC /*application='Nomnom'*/[0m
DEPRECATION WARNING: resource received a hash argument only. Please use a keyword instead. Support to hash argument will be removed in Rails 8.2. (called from block in <main> at /Users/danielkim/CSW4152/Project/SaaS_Project/nomnom/config/routes.rb:2)
DEPRECATION WARNING: resource received a hash argument path. Please use a keyword instead. Support to hash argument will be removed in Rails 8.2. (called from block in <main> at /Users/danielkim/CSW4152/Project/SaaS_Project/nomnom/config/routes.rb:2)
DEPRECATION WARNING: resource received a hash argument path_names. Please use a keyword instead. Support to hash argument will be removed in Rails 8.2. (called from block in <main> at /Users/danielkim/CSW4152/Project/SaaS_Project/nomnom/config/routes.rb:2)
DEPRECATION WARNING: resource received a hash argument controller. Please use a keyword instead. Support to hash argument will be removed in Rails 8.2. (called from block in <main> at /Users/danielkim/CSW4152/Project/SaaS_Project/nomnom/config/routes.rb:2)
Processing by HomeController#index as HTML
  Rendering layout layouts/application.html.erb
  Rendering home/index.html.erb within layouts/application
  Rendered home/index.html.erb within layouts/application (Duration: 3.9ms | GC: 0.0ms)
  Rendered layout layouts/application.html.erb (Duration: 9.8ms | GC: 0.0ms)
Completed 200 OK in 28ms (Views: 11.6ms | ActiveRecord: 0.0ms (0 queries, 0 cached) | GC: 0.0ms)


Started GET "/users/sign_in" for 127.0.0.1 at 2025-10-27 17:12:42 -0400
Processing by Devise::SessionsController#new as HTML
  Rendering layout layouts/application.html.erb
  Rendering devise/sessions/new.html.erb within layouts/application
  Rendered devise/shared/_links.html.erb (Duration: 0.7ms | GC: 0.0ms)
  Rendered devise/sessions/new.html.erb within layouts/application (Duration: 6.8ms | GC: 0.0ms)
  Rendered layout layouts/application.html.erb (Duration: 7.3ms | GC: 0.0ms)
Completed 200 OK in 46ms (Views: 10.9ms | ActiveRecord: 11.5ms (0 queries, 0 cached) | GC: 0.0ms)


Started POST "/users/sign_in" for 127.0.0.1 at 2025-10-27 17:12:44 -0400
Processing by Devise::SessionsController#create as TURBO_STREAM
  Parameters: {"authenticity_token" => "[FILTERED]", "user" => {"email" => "[FILTERED]", "password" => "[FILTERED]", "remember_me" => "0"}, "commit" => "Log in"}
  [1m[36mUser Load (1.8ms)[0m  [1m[34mSELECT "users".* FROM "users" WHERE "users"."email" = 'a22@gmail.com' ORDER BY "users"."id" ASC LIMIT 1 /*action='create',application='Nomnom',controller='sessions'*/[0m
Redirected to http://127.0.0.1:3000/
Completed 303 See Other in 294ms (ActiveRecord: 1.8ms (1 query, 0 cached) | GC: 10.8ms)


Started GET "/" for 127.0.0.1 at 2025-10-27 17:12:44 -0400
Processing by HomeController#index as TURBO_STREAM
  Rendering layout layouts/application.html.erb
  Rendering home/index.html.erb within layouts/application
  [1m[36mUser Load (0.4ms)[0m  [1m[34mSELECT "users".* FROM "users" WHERE "users"."id" = 1 ORDER BY "users"."id" ASC LIMIT 1 /*action='index',application='Nomnom',controller='home'*/[0m
  ↳ app/views/home/index.html.erb:4
  Rendered home/index.html.erb within layouts/application (Duration: 2.7ms | GC: 1.2ms)
  Rendered layout layouts/application.html.erb (Duration: 3.7ms | GC: 2.0ms)
Completed 200 OK in 5ms (Views: 3.5ms | ActiveRecord: 0.4ms (1 query, 0 cached) | GC: 2.4ms)


Started DELETE "/users/sign_out" for 127.0.0.1 at 2025-10-27 17:12:45 -0400
Processing by Devise::SessionsController#destroy as TURBO_STREAM
  Parameters: {"authenticity_token" => "[FILTERED]"}
  [1m[36mUser Load (0.6ms)[0m  [1m[34mSELECT "users".* FROM "users" WHERE "users"."id" = 1 ORDER BY "users"."id" ASC LIMIT 1 /*action='destroy',application='Nomnom',controller='sessions'*/[0m
Redirected to http://127.0.0.1:3000/
Completed 303 See Other in 30ms (ActiveRecord: 0.6ms (1 query, 0 cached) | GC: 16.5ms)


Started GET "/" for 127.0.0.1 at 2025-10-27 17:12:45 -0400
Processing by HomeController#index as TURBO_STREAM
  Rendering layout layouts/application.html.erb
  Rendering home/index.html.erb within layouts/application
  Rendered home/index.html.erb within layouts/application (Duration: 0.5ms | GC: 0.0ms)
  Rendered layout layouts/application.html.erb (Duration: 2.9ms | GC: 1.8ms)
Completed 200 OK in 5ms (Views: 3.3ms | ActiveRecord: 0.0ms (0 queries, 0 cached) | GC: 2.0ms)


Started GET "/users/sign_in" for 127.0.0.1 at 2025-10-27 17:12:46 -0400
Processing by Devise::SessionsController#new as HTML
  Rendering layout layouts/application.html.erb
  Rendering devise/sessions/new.html.erb within layouts/application
  Rendered devise/shared/_links.html.erb (Duration: 0.3ms | GC: 0.0ms)
  Rendered devise/sessions/new.html.erb within layouts/application (Duration: 3.0ms | GC: 0.0ms)
  Rendered layout layouts/application.html.erb (Duration: 5.6ms | GC: 1.4ms)
Completed 200 OK in 11ms (Views: 6.9ms | ActiveRecord: 0.0ms (0 queries, 0 cached) | GC: 1.4ms)


Started POST "/users/sign_in" for 127.0.0.1 at 2025-10-27 17:12:49 -0400
Processing by Devise::SessionsController#create as TURBO_STREAM
  Parameters: {"authenticity_token" => "[FILTERED]", "user" => {"email" => "[FILTERED]", "password" => "[FILTERED]", "remember_me" => "0"}, "commit" => "Log in"}
  [1m[36mUser Load (0.7ms)[0m  [1m[34mSELECT "users".* FROM "users" WHERE "users"."email" = 'a23@gmail.com' ORDER BY "users"."id" ASC LIMIT 1 /*action='create',application='Nomnom',controller='sessions'*/[0m
Completed 401 Unauthorized in 8ms (ActiveRecord: 0.7ms (1 query, 0 cached) | GC: 0.0ms)


Processing by Devise::SessionsController#new as TURBO_STREAM
  Parameters: {"authenticity_token" => "[FILTERED]", "user" => {"email" => "[FILTERED]", "password" => "[FILTERED]", "remember_me" => "0"}, "commit" => "Log in"}
  Rendering layout layouts/application.html.erb
  Rendering devise/sessions/new.html.erb within layouts/application
  Rendered devise/shared/_links.html.erb (Duration: 0.1ms | GC: 0.0ms)
  Rendered devise/sessions/new.html.erb within layouts/application (Duration: 0.8ms | GC: 0.0ms)
  Rendered layout layouts/application.html.erb (Duration: 1.1ms | GC: 0.0ms)
Completed 200 OK in 274ms (Views: 1.6ms | ActiveRecord: 0.0ms (0 queries, 0 cached) | GC: 0.0ms)


Started POST "/users/sign_in" for 127.0.0.1 at 2025-10-27 17:12:50 -0400
Processing by Devise::SessionsController#create as TURBO_STREAM
  Parameters: {"authenticity_token" => "[FILTERED]", "user" => {"email" => "[FILTERED]", "password" => "[FILTERED]", "remember_me" => "0"}, "commit" => "Log in"}
Completed 401 Unauthorized in 4ms (ActiveRecord: 0.0ms (0 queries, 0 cached) | GC: 1.4ms)


Processing by Devise::SessionsController#new as TURBO_STREAM
  Parameters: {"authenticity_token" => "[FILTERED]", "user" => {"email" => "[FILTERED]", "password" => "[FILTERED]", "remember_me" => "0"}, "commit" => "Log in"}
  Rendering layout layouts/application.html.erb
  Rendering devise/sessions/new.html.erb within layouts/application
  Rendered devise/shared/_links.html.erb (Duration: 0.3ms | GC: 0.0ms)
  Rendered devise/sessions/new.html.erb within layouts/application (Duration: 2.3ms | GC: 0.0ms)
  Rendered layout layouts/application.html.erb (Duration: 3.2ms | GC: 0.0ms)
Completed 200 OK in 7ms (Views: 3.9ms | ActiveRecord: 0.0ms (0 queries, 0 cached) | GC: 0.0ms)


Started POST "/users/sign_in" for 127.0.0.1 at 2025-10-27 17:12:51 -0400
Processing by Devise::SessionsController#create as TURBO_STREAM
  Parameters: {"authenticity_token" => "[FILTERED]", "user" => {"email" => "[FILTERED]", "password" => "[FILTERED]", "remember_me" => "0"}, "commit" => "Log in"}
Completed 401 Unauthorized in 4ms (ActiveRecord: 0.0ms (0 queries, 0 cached) | GC: 0.0ms)


Processing by Devise::SessionsController#new as TURBO_STREAM
  Parameters: {"authenticity_token" => "[FILTERED]", "user" => {"email" => "[FILTERED]", "password" => "[FILTERED]", "remember_me" => "0"}, "commit" => "Log in"}
  Rendering layout layouts/application.html.erb
  Rendering devise/sessions/new.html.erb within layouts/application
  Rendered devise/shared/_links.html.erb (Duration: 0.2ms | GC: 0.0ms)
  Rendered devise/sessions/new.html.erb within layouts/application (Duration: 2.2ms | GC: 0.0ms)
  Rendered layout layouts/application.html.erb (Duration: 3.0ms | GC: 0.0ms)
Completed 200 OK in 6ms (Views: 3.6ms | ActiveRecord: 0.0ms (0 queries, 0 cached) | GC: 0.0ms)


Started GET "/users/password/new" for 127.0.0.1 at 2025-10-27 17:12:51 -0400
Processing by Devise::PasswordsController#new as HTML
  Rendering layout layouts/application.html.erb
  Rendering devise/passwords/new.html.erb within layouts/application
  Rendered devise/shared/_error_messages.html.erb (Duration: 0.4ms | GC: 0.0ms)
  Rendered devise/shared/_links.html.erb (Duration: 0.3ms | GC: 0.0ms)
  Rendered devise/passwords/new.html.erb within layouts/application (Duration: 3.8ms | GC: 0.0ms)
  Rendered layout layouts/application.html.erb (Duration: 4.7ms | GC: 0.0ms)
Completed 200 OK in 10ms (Views: 6.2ms | ActiveRecord: 0.0ms (0 queries, 0 cached) | GC: 0.0ms)


Started GET "/users/sign_up" for 127.0.0.1 at 2025-10-27 17:12:52 -0400
Processing by Devise::RegistrationsController#new as HTML
  Rendering layout layouts/application.html.erb
  Rendering devise/registrations/new.html.erb within layouts/application
  Rendered devise/shared/_error_messages.html.erb (Duration: 0.1ms | GC: 0.0ms)
  Rendered devise/shared/_links.html.erb (Duration: 0.2ms | GC: 0.0ms)
  Rendered devise/registrations/new.html.erb within layouts/application (Duration: 3.6ms | GC: 0.0ms)
  Rendered layout layouts/application.html.erb (Duration: 4.6ms | GC: 0.0ms)
Completed 200 OK in 10ms (Views: 7.2ms | ActiveRecord: 0.0ms (0 queries, 0 cached) | GC: 0.0ms)


Started GET "/" for 127.0.0.1 at 2025-10-27 17:12:54 -0400
Processing by HomeController#index as HTML
  Rendering layout layouts/application.html.erb
  Rendering home/index.html.erb within layouts/application
  Rendered home/index.html.erb within layouts/application (Duration: 1.1ms | GC: 0.0ms)
  Rendered layout layouts/application.html.erb (Duration: 2.0ms | GC: 0.0ms)
Completed 200 OK in 4ms (Views: 2.7ms | ActiveRecord: 0.0ms (0 queries, 0 cached) | GC: 0.0ms)


